2023-05-22 23:05:566 INFO  ManageBrowser :30 - launching chrome browser
2023-05-22 23:05:01 INFO  ManageBrowser :30 - launching chrome browser
2023-05-22 23:05:221 INFO  ManageBrowser :30 - launching chrome browser
2023-05-22 23:05:382 INFO  ManageBrowser :30 - launching chrome browser
2023-05-22 23:05:869 INFO  ManageBrowser :30 - launching chrome browser
2023-05-22 23:05:725 INFO  ManageBrowser :30 - launching chrome browser
2023-05-22 23:05:196 INFO  ManageBrowser :30 - launching chrome browser
2023-05-22 23:05:798 INFO  ManageBrowser :30 - launching chrome browser
2023-05-22 23:05:620 INFO  ManageBrowser :30 - launching chrome browser
2023-05-23 00:05:880 INFO  ManageBrowser :30 - launching chrome browser
2023-05-23 00:05:475 INFO  ManageBrowser :30 - launching chrome browser
2023-05-23 00:05:375 INFO  ManageBrowser :30 - launching chrome browser
2023-05-23 00:05:338 INFO  ManageBrowser :30 - launching chrome browser
2023-05-23 00:05:05 INFO  ManageBrowser :30 - launching chrome browser
2023-05-23 00:05:776 INFO  ManageBrowser :30 - launching chrome browser
2023-05-23 01:05:771 INFO  ManageBrowser :30 - launching chrome browser
2023-05-23 01:05:778 INFO  ManageBrowser :30 - launching chrome browser
2023-05-23 01:05:400 INFO  ManageBrowser :30 - launching chrome browser
2023-05-23 01:05:185 INFO  ManageBrowser :30 - launching chrome browser
2023-05-23 01:05:847 INFO  ManageBrowser :30 - launching chrome browser
2023-05-23 01:05:545 INFO  ManageBrowser :30 - launching chrome browser
2023-05-23 02:05:487 INFO  ManageBrowser :30 - launching chrome browser
2023-05-23 02:05:679 INFO  ManageBrowser :30 - launching chrome browser
2023-05-23 02:05:514 INFO  ManageBrowser :30 - launching chrome browser
2023-05-23 02:05:800 INFO  ManageBrowser :30 - launching chrome browser
2023-05-23 02:05:55 INFO  ManageBrowser :30 - launching chrome browser
2023-05-23 02:05:929 INFO  ManageBrowser :30 - launching chrome browser
2023-05-23 02:05:822 INFO  ManageBrowser :30 - launching chrome browser
2023-05-23 02:05:672 INFO  ManageBrowser :30 - launching chrome browser
2023-05-23 02:05:712 INFO  ManageBrowser :30 - launching chrome browser
2023-05-23 02:05:882 INFO  ManageBrowser :30 - launching chrome browser
2023-05-23 02:05:966 INFO  ManageBrowser :30 - launching chrome browser
2023-05-23 02:05:359 INFO  ManageBrowser :30 - launching chrome browser
2023-05-23 02:05:805 INFO  ManageBrowser :30 - launching chrome browser
2023-05-23 02:05:966 INFO  ManageBrowser :30 - launching chrome browser
2023-05-23 02:05:610 INFO  ManageBrowser :30 - launching chrome browser
2023-05-23 02:05:16 INFO  ManageBrowser :30 - launching chrome browser
2023-05-23 02:05:366 INFO  ManageBrowser :30 - launching chrome browser
2023-05-23 02:05:423 INFO  ManageBrowser :30 - launching chrome browser
2023-05-23 02:05:508 INFO  ManageBrowser :30 - launching chrome browser
2023-05-23 02:05:461 INFO  ManageBrowser :30 - launching chrome browser
2023-05-23 02:05:163 INFO  ManageBrowser :30 - launching chrome browser
2023-05-23 02:05:744 INFO  ManageBrowser :30 - launching chrome browser
2023-05-23 02:05:392 INFO  ManageBrowser :30 - launching chrome browser
2023-05-23 02:05:536 INFO  ManageBrowser :30 - launching chrome browser
2023-05-23 08:05:253 INFO  ManageBrowser :30 - launching chrome browser
2023-05-23 08:05:638 INFO  ManageBrowser :30 - launching chrome browser
2023-05-23 08:05:751 INFO  ManageBrowser :30 - launching chrome browser
2023-05-23 08:05:205 INFO  ManageBrowser :30 - launching chrome browser
2023-05-23 08:05:441 INFO  ManageBrowser :30 - launching chrome browser
2023-05-23 08:05:772 INFO  ManageBrowser :30 - launching chrome browser
2023-05-23 18:05:560 INFO  ManageBrowser :30 - launching chrome browser
2023-05-23 18:05:835 INFO  LoginPage :36 - Enter User Name
2023-05-23 18:05:935 INFO  LoginPage :42 - Enter Password
2023-05-23 18:05:32 INFO  LoginPage :48 - Click on login tab
2023-05-23 18:05:98 INFO  HomePage :26 - Click on admin tab
2023-05-23 18:05:819 INFO  HomePage :32 - Get System User text 
2023-05-23 18:05:867 INFO  AdminPage :28 - Click on add button
2023-05-23 18:05:241 INFO  AdminPage :34 - Get add user text :
2023-05-23 18:05:442 INFO  AddUserPage :44 - Enter employee name :
2023-05-23 18:05:631 INFO  AddUserPage :76 - Enter User name
2023-05-23 18:05:840 INFO  AddUserPage :58 - Enter Password :
2023-05-23 18:05:937 INFO  AddUserPage :64 - Enter confirm password
2023-05-23 18:05:15 INFO  AddUserPage :70 - Click on save button
2023-05-23 18:05:779 INFO  ManageBrowser :30 - launching chrome browser
2023-05-23 18:05:839 INFO  LoginPage :36 - Enter User Name
2023-05-23 18:05:930 INFO  LoginPage :42 - Enter Password
2023-05-23 18:05:19 INFO  LoginPage :48 - Click on login tab
2023-05-23 18:05:919 INFO  HomePage :26 - Click on admin tab
2023-05-23 18:05:690 INFO  HomePage :32 - Get System User text 
2023-05-23 18:05:723 INFO  AdminPage :28 - Click on add button
2023-05-23 18:05:189 INFO  AddUserPage :44 - Enter employee name :
2023-05-23 18:05:458 INFO  AddUserPage :88 - Verify user displayed.
2023-05-23 18:05:112 INFO  ManageBrowser :30 - launching chrome browser
2023-05-23 18:05:185 INFO  LoginPage :36 - Enter User Name
2023-05-23 18:05:262 INFO  LoginPage :42 - Enter Password
2023-05-23 18:05:349 INFO  LoginPage :48 - Click on login tab
2023-05-23 18:05:413 INFO  HomePage :26 - Click on admin tab
2023-05-23 18:05:578 INFO  HomePage :32 - Get System User text 
2023-05-23 18:05:798 INFO  ViewSystemUsersPage :55 - Enter employee name
2023-05-23 18:05:333 INFO  ViewSystemUsersPage :85 - Click on delete button
2023-05-23 18:05:399 INFO  ViewSystemUsersPage :91 - Click on ok button
2023-05-23 18:05:480 INFO  ViewSystemUsersPage :97 - Click on success text
2023-05-23 18:05:127 INFO  ManageBrowser :30 - launching chrome browser
2023-05-23 18:05:181 INFO  LoginPage :36 - Enter User Name
2023-05-23 18:05:272 INFO  LoginPage :42 - Enter Password
2023-05-23 18:05:356 INFO  LoginPage :48 - Click on login tab
2023-05-23 18:05:415 INFO  HomePage :26 - Click on admin tab
2023-05-23 18:05:484 INFO  HomePage :32 - Get System User text 
2023-05-23 18:05:523 INFO  ViewSystemUsersPage :55 - Enter employee name
2023-05-23 18:05:43 INFO  ViewSystemUsersPage :104 - CLick on no record found text
2023-05-23 20:05:815 INFO  ManageBrowser :30 - launching chrome browser
2023-05-23 20:05:201 INFO  LoginPage :31 - Enter User Name
2023-05-23 20:05:526 INFO  LoginPage :37 - Enter Password
2023-05-23 20:05:818 INFO  LoginPage :43 - Click on login tab
2023-05-23 20:05:71 INFO  DashboardPage :29 - Get dashboard text
2023-05-23 20:05:741 INFO  ManageBrowser :30 - launching chrome browser
2023-05-23 20:05:39 INFO  ManageBrowser :30 - launching chrome browser
2023-05-23 20:05:578 INFO  LoginPage :31 - Enter User Name
2023-05-23 20:05:792 INFO  LoginPage :37 - Enter Password
2023-05-23 20:05:976 INFO  LoginPage :43 - Click on login tab
2023-05-23 20:05:110 INFO  DashboardPage :35 - Click on profile
2023-05-23 20:05:462 INFO  DashboardPage :41 - Click on logout tab
2023-05-23 20:05:913 INFO  ManageBrowser :30 - launching chrome browser
2023-05-23 20:05:66 INFO  LoginPage :31 - Enter User Name
2023-05-23 20:05:276 INFO  LoginPage :37 - Enter Password
2023-05-23 20:05:474 INFO  LoginPage :43 - Click on login tab
2023-05-23 20:05:523 INFO  HomePage :26 - Click on admin tab
2023-05-23 20:05:700 INFO  HomePage :32 - Get System User text 
2023-05-23 20:05:774 INFO  AdminPage :28 - Click on add button
2023-05-23 20:05:205 INFO  AdminPage :34 - Get add user text :
2023-05-23 20:05:465 INFO  AddUserPage :44 - Enter employee name :
2023-05-23 20:05:805 INFO  AddUserPage :76 - Enter User name
2023-05-23 20:05:279 INFO  AddUserPage :58 - Enter Password :
2023-05-23 20:05:532 INFO  AddUserPage :64 - Enter confirm password
2023-05-23 20:05:963 INFO  AddUserPage :70 - Click on save button
2023-05-23 20:05:896 INFO  ManageBrowser :30 - launching chrome browser
2023-05-23 20:05:304 INFO  LoginPage :31 - Enter User Name
2023-05-23 20:05:794 INFO  LoginPage :37 - Enter Password
2023-05-23 20:05:17 INFO  LoginPage :43 - Click on login tab
2023-05-23 20:05:146 INFO  HomePage :26 - Click on admin tab
2023-05-23 20:05:30 INFO  HomePage :32 - Get System User text 
2023-05-23 20:05:117 INFO  AdminPage :28 - Click on add button
2023-05-23 20:05:895 INFO  AddUserPage :44 - Enter employee name :
2023-05-23 20:05:715 INFO  ManageBrowser :30 - launching chrome browser
2023-05-23 20:05:263 INFO  LoginPage :31 - Enter User Name
2023-05-23 20:05:473 INFO  LoginPage :37 - Enter Password
2023-05-23 20:05:683 INFO  LoginPage :43 - Click on login tab
2023-05-23 20:05:836 INFO  HomePage :26 - Click on admin tab
2023-05-23 20:05:321 INFO  HomePage :32 - Get System User text 
2023-05-23 20:05:03 INFO  ViewSystemUsersPage :55 - Enter employee name
2023-05-23 20:05:558 INFO  ViewSystemUsersPage :85 - Click on delete button
2023-05-23 20:05:779 INFO  ViewSystemUsersPage :91 - Click on ok button
2023-05-23 20:05:967 INFO  ViewSystemUsersPage :97 - Click on success text
2023-05-23 20:05:917 INFO  ManageBrowser :30 - launching chrome browser
2023-05-23 20:05:358 INFO  LoginPage :31 - Enter User Name
2023-05-23 20:05:529 INFO  LoginPage :37 - Enter Password
2023-05-23 20:05:757 INFO  LoginPage :43 - Click on login tab
2023-05-23 20:05:909 INFO  HomePage :26 - Click on admin tab
2023-05-23 20:05:992 INFO  HomePage :32 - Get System User text 
2023-05-23 20:05:94 INFO  ViewSystemUsersPage :55 - Enter employee name
2023-05-23 20:05:932 INFO  ViewSystemUsersPage :104 - CLick on no record found text
